Loading .env environment variables...
Loading .env environment variables...
Loading .env environment variables...
[2024-03-25 09:19:40,442] [DEBUG] [celery.utils.functional]
def unlock_chord(self, group_id, callback, interval=0, max_retries=1, result=2, Result=3, GroupResult=4, result_from_tuple=5, **kwargs):
    return 1

[2024-03-25 09:19:40,444] [DEBUG] [celery.utils.functional]
def train_classifier():
    return 1

[2024-03-25 09:19:40,444] [DEBUG] [celery.utils.functional]
def xmap(task, it):
    return 1

[2024-03-25 09:19:40,445] [DEBUG] [celery.utils.functional]
def error_callback(request, exc, tb, rule_id, message_uid, message_subject, message_date):
    return 1

[2024-03-25 09:19:40,445] [DEBUG] [celery.utils.functional]
def xstarmap(task, it):
    return 1

[2024-03-25 09:19:40,445] [DEBUG] [celery.utils.functional]
def bulk_update_documents(document_ids):
    return 1

[2024-03-25 09:19:40,446] [DEBUG] [celery.utils.functional]
def consume_file(self, input_doc, overrides=0):
    return 1

[2024-03-25 09:19:40,446] [DEBUG] [celery.utils.functional]
def process_mail_accounts():
    return 1

[2024-03-25 09:19:40,447] [DEBUG] [celery.utils.functional]
def chunks(task, it, n):
    return 1

[2024-03-25 09:19:40,447] [DEBUG] [celery.utils.functional]
def index_optimize():
    return 1

[2024-03-25 09:19:40,448] [DEBUG] [celery.utils.functional]
def group(self, tasks, result, group_id, partial_args, add_to_parent=0):
    return 1

[2024-03-25 09:19:40,448] [DEBUG] [celery.utils.functional]
def chain(*args, **kwargs):
    return 1

[2024-03-25 09:19:40,449] [DEBUG] [celery.utils.functional]
def backend_cleanup():
    return 1

[2024-03-25 09:19:40,449] [DEBUG] [celery.utils.functional]
def update_document_archive_file(document_id):
    return 1

[2024-03-25 09:19:40,450] [DEBUG] [celery.utils.functional]
def apply_mail_action(result, rule_id, message_uid, message_subject, message_date):
    return 1

[2024-03-25 09:19:40,450] [DEBUG] [celery.utils.functional]
def chord(self, header, body, partial_args=0, interval=1, countdown=2, max_retries=3, eager=4, **kwargs):
    return 1

[2024-03-25 09:19:40,451] [DEBUG] [celery.utils.functional]
def accumulate(self, *args, **kwargs):
    return 1

[2024-03-25 09:19:40,451] [DEBUG] [celery.utils.functional]
def sanity_check():
    return 1

[2024-03-25 09:19:40,462] [DEBUG] [celery.bootsteps] | Worker: Preparing bootsteps.
[2024-03-25 09:19:40,463] [DEBUG] [celery.bootsteps] | Worker: Building graph...
[2024-03-25 09:19:40,463] [DEBUG] [celery.bootsteps] | Worker: New boot order: {Timer, Hub, Pool, Autoscaler, StateDB, Beat, Consumer}
[2024-03-25 09:19:40,472] [DEBUG] [celery.bootsteps] | Consumer: Preparing bootsteps.
[2024-03-25 09:19:40,472] [DEBUG] [celery.bootsteps] | Consumer: Building graph...
[2024-03-25 09:19:40,484] [DEBUG] [celery.bootsteps] | Consumer: New boot order: {Connection, Agent, Events, Heart, Mingle, Tasks, Control, Gossip, event loop}
System check identified some issues:

WARNINGS:
?: DEBUG mode is enabled. Disable Debug mode. This is a serious security issue, since it puts security overrides in place which are meant to be only used during development. This also means that paperless will tell anyone various debugging information when something goes wrong.
[2024-03-25 09:19:40,494] [INFO] [paperless.management.consumer] Using inotify to watch directory for changes: /home/x/wdir/dmsb/consume

 -------------- celery@x v5.3.6 (emerald-rush)
--- ***** -----
-- ******* ---- Linux-6.5.0-26-generic-x86_64-with-glibc2.35 2024-03-25 09:19:40
- *** --- * ---
- ** ---------- [config]
- ** ---------- .> app:         paperless:0x758953cb7ee0
- ** ---------- .> transport:   redis://localhost:6379//
- ** ---------- .> results:
- *** --- * --- .> concurrency: 1 (prefork)
-- ******* ---- .> task events: ON
--- ***** -----
 -------------- [queues]
                .> celery           exchange=celery(direct) key=celery


[tasks]
  . celery.accumulate
  . celery.backend_cleanup
  . celery.chain
  . celery.chord
  . celery.chord_unlock
  . celery.chunks
  . celery.group
  . celery.map
  . celery.starmap
  . documents.tasks.bulk_update_documents
  . documents.tasks.consume_file
  . documents.tasks.index_optimize
  . documents.tasks.sanity_check
  . documents.tasks.train_classifier
  . documents.tasks.update_document_archive_file
  . paperless_mail.mail.apply_mail_action
  . paperless_mail.mail.error_callback
  . paperless_mail.tasks.process_mail_accounts

[2024-03-25 09:19:40,496] [DEBUG] [celery.bootsteps] | Worker: Starting Hub
[2024-03-25 09:19:40,496] [DEBUG] [celery.bootsteps] ^-- substep ok
[2024-03-25 09:19:40,496] [DEBUG] [celery.bootsteps] | Worker: Starting Pool
[2024-03-25 09:19:40,539] [DEBUG] [celery.bootsteps] ^-- substep ok
[2024-03-25 09:19:40,540] [DEBUG] [celery.bootsteps] | Worker: Starting Consumer
[2024-03-25 09:19:40,540] [DEBUG] [celery.bootsteps] | Consumer: Starting Connection
[2024-03-25 09:19:40,617] [INFO] [celery.worker.consumer.connection] Connected to redis://localhost:6379//
[2024-03-25 09:19:40,617] [DEBUG] [celery.bootsteps] ^-- substep ok
[2024-03-25 09:19:40,617] [DEBUG] [celery.bootsteps] | Consumer: Starting Events
[2024-03-25 09:19:40,619] [DEBUG] [celery.bootsteps] ^-- substep ok
[2024-03-25 09:19:40,619] [DEBUG] [celery.bootsteps] | Consumer: Starting Heart
[2024-03-25 09:19:40,620] [DEBUG] [celery.bootsteps] ^-- substep ok
[2024-03-25 09:19:40,621] [DEBUG] [celery.bootsteps] | Consumer: Starting Mingle
[2024-03-25 09:19:40,621] [INFO] [celery.worker.consumer.mingle] mingle: searching for neighbors
Watching for file changes with StatReloader
[2024-03-25 09:19:40,634] [INFO] [django.utils.autoreload] Watching for file changes with StatReloader
Performing system checks...

System check identified some issues:

WARNINGS:
?: DEBUG mode is enabled. Disable Debug mode. This is a serious security issue, since it puts security overrides in place which are meant to be only used during development. This also means that paperless will tell anyone various debugging information when something goes wrong.

System check identified 1 issue (0 silenced).
March 25, 2024 - 09:19:41
Django version 4.2.10, using settings 'paperless.settings'
Starting development server at http://127.0.0.1:8000/
Quit the server with CONTROL-C.

[2024-03-25 09:19:41,626] [INFO] [celery.worker.consumer.mingle] mingle: all alone
[2024-03-25 09:19:41,627] [DEBUG] [celery.bootsteps] ^-- substep ok
[2024-03-25 09:19:41,627] [DEBUG] [celery.bootsteps] | Consumer: Starting Tasks
[2024-03-25 09:19:41,633] [DEBUG] [celery.bootsteps] ^-- substep ok
[2024-03-25 09:19:41,633] [DEBUG] [celery.bootsteps] | Consumer: Starting Control
[2024-03-25 09:19:41,636] [DEBUG] [celery.bootsteps] ^-- substep ok
[2024-03-25 09:19:41,636] [DEBUG] [celery.bootsteps] | Consumer: Starting Gossip
[2024-03-25 09:19:41,667] [DEBUG] [celery.bootsteps] ^-- substep ok
[2024-03-25 09:19:41,667] [DEBUG] [celery.bootsteps] | Consumer: Starting event loop
[2024-03-25 09:19:41,668] [DEBUG] [celery.bootsteps] | Worker: Hub.register Pool...
[2024-03-25 09:19:41,668] [INFO] [celery.apps.worker] celery@x ready.
[2024-03-25 09:19:41,668] [DEBUG] [kombu.common] basic.qos: prefetch_count->4
[25/Mar/2024 09:19:52] "GET /api/ HTTP/1.0" 200 2808
[25/Mar/2024 09:20:09] "GET /api/statistics/ HTTP/1.0" 200 442
[25/Mar/2024 09:20:09] "GET /api/statistics/ HTTP/1.0" 200 442
/home/x/.local/share/virtualenvs/dmsb-qlGBOszE/lib/python3.10/site-packages/rest_framework/pagination.py:200: UnorderedObjectListWarning: Pagination may yield inconsistent results with an unordered object_list: <class 'documents.models.Document'> QuerySet.
  paginator = self.django_paginator_class(queryset, page_size)
[25/Mar/2024 09:20:11] "GET /api/statistics/ HTTP/1.0" 200 442
[25/Mar/2024 09:20:11] "GET /api/documents/ HTTP/1.0" 200 898380
[25/Mar/2024 09:20:11] "GET /api/statistics/ HTTP/1.0" 200 442
[25/Mar/2024 09:20:12] "GET /api/documents/ HTTP/1.0" 200 898380
[25/Mar/2024 09:20:13] "GET /api/documents/1/thumb/ HTTP/1.0" 200 4466
[25/Mar/2024 09:20:13] "GET /api/documents/4/thumb/ HTTP/1.0" 200 16656
[25/Mar/2024 09:20:13] "GET /api/documents/6/thumb/ HTTP/1.0" 200 48572
[25/Mar/2024 09:20:14] "GET /api/documents/3/thumb/ HTTP/1.0" 200 24516
[25/Mar/2024 09:20:14] "GET /api/documents/2/thumb/ HTTP/1.0" 200 37588
[25/Mar/2024 09:20:14] "GET /api/documents/5/thumb/ HTTP/1.0" 200 12278

Restarting celery worker (/home/x/.local/share/virtualenvs/dmsb-qlGBOszE/bin/celery --app paperless worker -l DEBUG)

Restarting celery worker (/home/x/.local/share/virtualenvs/dmsb-qlGBOszE/bin/celery --app paperless worker -l DEBUG)
[2024-03-25 09:20:14,363] [DEBUG] [celery.bootsteps] | Worker: Closing Hub...
[2024-03-25 09:20:14,364] [DEBUG] [celery.bootsteps] | Worker: Closing Pool...
[2024-03-25 09:20:14,364] [DEBUG] [celery.bootsteps] | Worker: Closing Consumer...
[2024-03-25 09:20:14,364] [DEBUG] [celery.bootsteps] | Worker: Stopping Consumer...
[2024-03-25 09:20:14,365] [DEBUG] [celery.bootsteps] | Consumer: Closing Connection...
[2024-03-25 09:20:14,365] [DEBUG] [celery.bootsteps] | Consumer: Closing Events...
[2024-03-25 09:20:14,365] [DEBUG] [celery.bootsteps] | Consumer: Closing Heart...
[2024-03-25 09:20:14,365] [DEBUG] [celery.bootsteps] | Consumer: Closing Mingle...
[2024-03-25 09:20:14,365] [DEBUG] [celery.bootsteps] | Consumer: Closing Tasks...
[2024-03-25 09:20:14,366] [DEBUG] [celery.bootsteps] | Consumer: Closing Control...
[2024-03-25 09:20:14,366] [DEBUG] [celery.bootsteps] | Consumer: Closing Gossip...
[2024-03-25 09:20:14,366] [DEBUG] [celery.bootsteps] | Consumer: Closing event loop...
[2024-03-25 09:20:14,366] [DEBUG] [celery.bootsteps] | Consumer: Stopping event loop...
[2024-03-25 09:20:14,367] [DEBUG] [celery.bootsteps] | Consumer: Stopping Gossip...
[2024-03-25 09:20:14,369] [DEBUG] [celery.bootsteps] | Consumer: Stopping Control...
[2024-03-25 09:20:14,370] [DEBUG] [celery.bootsteps] | Consumer: Stopping Tasks...
[2024-03-25 09:20:14,370] [DEBUG] [celery.worker.consumer.tasks] Canceling task consumer...
[2024-03-25 09:20:14,371] [DEBUG] [celery.bootsteps] | Consumer: Stopping Mingle...
[2024-03-25 09:20:14,371] [DEBUG] [celery.bootsteps] | Consumer: Stopping Heart...
[2024-03-25 09:20:14,371] [DEBUG] [celery.bootsteps] | Consumer: Stopping Events...
[2024-03-25 09:20:14,371] [DEBUG] [celery.bootsteps] | Consumer: Stopping Connection...
[2024-03-25 09:20:14,371] [DEBUG] [celery.bootsteps] | Worker: Stopping Pool...
[2024-03-25 09:20:14,372] [DEBUG] [celery.bootsteps] | Worker: Stopping Hub...
[2024-03-25 09:20:14,372] [DEBUG] [celery.bootsteps] | Consumer: Shutdown Gossip...
[2024-03-25 09:20:14,372] [DEBUG] [celery.bootsteps] | Consumer: Shutdown Control...
[2024-03-25 09:20:14,372] [DEBUG] [celery.bootsteps] | Consumer: Shutdown Tasks...
[2024-03-25 09:20:14,372] [DEBUG] [celery.worker.consumer.tasks] Canceling task consumer...
[2024-03-25 09:20:14,372] [DEBUG] [celery.worker.consumer.tasks] Closing consumer channel...
[2024-03-25 09:20:14,372] [DEBUG] [celery.bootsteps] | Consumer: Shutdown Heart...
[2024-03-25 09:20:14,372] [DEBUG] [celery.bootsteps] | Consumer: Shutdown Events...
[2024-03-25 09:20:14,373] [DEBUG] [celery.bootsteps] | Consumer: Shutdown Connection...
[2024-03-25 09:20:15,799] [DEBUG] [celery.utils.functional]
def unlock_chord(self, group_id, callback, interval=0, max_retries=1, result=2, Result=3, GroupResult=4, result_from_tuple=5, **kwargs):
    return 1

[2024-03-25 09:20:15,799] [DEBUG] [celery.utils.functional]
def train_classifier():
    return 1

[2024-03-25 09:20:15,799] [DEBUG] [celery.utils.functional]
def xmap(task, it):
    return 1

[2024-03-25 09:20:15,800] [DEBUG] [celery.utils.functional]
def error_callback(request, exc, tb, rule_id, message_uid, message_subject, message_date):
    return 1

[2024-03-25 09:20:15,800] [DEBUG] [celery.utils.functional]
def xstarmap(task, it):
    return 1

[2024-03-25 09:20:15,800] [DEBUG] [celery.utils.functional]
def bulk_update_documents(document_ids):
    return 1

[2024-03-25 09:20:15,800] [DEBUG] [celery.utils.functional]
def consume_file(self, input_doc, overrides=0):
    return 1

[2024-03-25 09:20:15,800] [DEBUG] [celery.utils.functional]
def process_mail_accounts():
    return 1

[2024-03-25 09:20:15,801] [DEBUG] [celery.utils.functional]
def chunks(task, it, n):
    return 1

[2024-03-25 09:20:15,801] [DEBUG] [celery.utils.functional]
def index_optimize():
    return 1

[2024-03-25 09:20:15,801] [DEBUG] [celery.utils.functional]
def group(self, tasks, result, group_id, partial_args, add_to_parent=0):
    return 1

[2024-03-25 09:20:15,801] [DEBUG] [celery.utils.functional]
def chain(*args, **kwargs):
    return 1

[2024-03-25 09:20:15,801] [DEBUG] [celery.utils.functional]
def backend_cleanup():
    return 1

[2024-03-25 09:20:15,802] [DEBUG] [celery.utils.functional]
def update_document_archive_file(document_id):
    return 1

[2024-03-25 09:20:15,802] [DEBUG] [celery.utils.functional]
def apply_mail_action(result, rule_id, message_uid, message_subject, message_date):
    return 1

[2024-03-25 09:20:15,802] [DEBUG] [celery.utils.functional]
def chord(self, header, body, partial_args=0, interval=1, countdown=2, max_retries=3, eager=4, **kwargs):
    return 1

[2024-03-25 09:20:15,802] [DEBUG] [celery.utils.functional]
def accumulate(self, *args, **kwargs):
    return 1

[2024-03-25 09:20:15,803] [DEBUG] [celery.utils.functional]
def sanity_check():
    return 1

[2024-03-25 09:20:15,807] [DEBUG] [celery.bootsteps] | Worker: Preparing bootsteps.
[2024-03-25 09:20:15,808] [DEBUG] [celery.bootsteps] | Worker: Building graph...
[2024-03-25 09:20:15,808] [DEBUG] [celery.bootsteps] | Worker: New boot order: {Beat, StateDB, Timer, Hub, Pool, Autoscaler, Consumer}
[2024-03-25 09:20:15,810] [DEBUG] [celery.bootsteps] | Consumer: Preparing bootsteps.
[2024-03-25 09:20:15,810] [DEBUG] [celery.bootsteps] | Consumer: Building graph...
[2024-03-25 09:20:15,815] [DEBUG] [celery.bootsteps] | Consumer: New boot order: {Connection, Agent, Events, Mingle, Gossip, Heart, Tasks, Control, event loop}

 -------------- celery@x v5.3.6 (emerald-rush)
--- ***** -----
-- ******* ---- Linux-6.5.0-26-generic-x86_64-with-glibc2.35 2024-03-25 09:20:15
- *** --- * ---
- ** ---------- [config]
- ** ---------- .> app:         paperless:0x7a5ec17d3df0
- ** ---------- .> transport:   redis://localhost:6379//
- ** ---------- .> results:
- *** --- * --- .> concurrency: 1 (prefork)
-- ******* ---- .> task events: ON
--- ***** -----
 -------------- [queues]
                .> celery           exchange=celery(direct) key=celery


[tasks]
  . celery.accumulate
  . celery.backend_cleanup
  . celery.chain
  . celery.chord
  . celery.chord_unlock
  . celery.chunks
  . celery.group
  . celery.map
  . celery.starmap
  . documents.tasks.bulk_update_documents
  . documents.tasks.consume_file
  . documents.tasks.index_optimize
  . documents.tasks.sanity_check
  . documents.tasks.train_classifier
  . documents.tasks.update_document_archive_file
  . paperless_mail.mail.apply_mail_action
  . paperless_mail.mail.error_callback
  . paperless_mail.tasks.process_mail_accounts

[2024-03-25 09:20:15,821] [DEBUG] [celery.bootsteps] | Worker: Starting Hub
[2024-03-25 09:20:15,821] [DEBUG] [celery.bootsteps] ^-- substep ok
[2024-03-25 09:20:15,821] [DEBUG] [celery.bootsteps] | Worker: Starting Pool
[2024-03-25 09:20:15,858] [DEBUG] [celery.bootsteps] ^-- substep ok
[2024-03-25 09:20:15,858] [DEBUG] [celery.bootsteps] | Worker: Starting Consumer
[2024-03-25 09:20:15,858] [DEBUG] [celery.bootsteps] | Consumer: Starting Connection
[2024-03-25 09:20:15,863] [INFO] [celery.worker.consumer.connection] Connected to redis://localhost:6379//
[2024-03-25 09:20:15,863] [DEBUG] [celery.bootsteps] ^-- substep ok
[2024-03-25 09:20:15,863] [DEBUG] [celery.bootsteps] | Consumer: Starting Events
[2024-03-25 09:20:15,864] [DEBUG] [celery.bootsteps] ^-- substep ok
[2024-03-25 09:20:15,864] [DEBUG] [celery.bootsteps] | Consumer: Starting Mingle
[2024-03-25 09:20:15,865] [INFO] [celery.worker.consumer.mingle] mingle: searching for neighbors
[2024-03-25 09:20:16,870] [INFO] [celery.worker.consumer.mingle] mingle: all alone
[2024-03-25 09:20:16,870] [DEBUG] [celery.bootsteps] ^-- substep ok
[2024-03-25 09:20:16,870] [DEBUG] [celery.bootsteps] | Consumer: Starting Gossip
[2024-03-25 09:20:16,873] [DEBUG] [celery.bootsteps] ^-- substep ok
[2024-03-25 09:20:16,873] [DEBUG] [celery.bootsteps] | Consumer: Starting Heart
[2024-03-25 09:20:16,874] [DEBUG] [celery.bootsteps] ^-- substep ok
[2024-03-25 09:20:16,874] [DEBUG] [celery.bootsteps] | Consumer: Starting Tasks
[2024-03-25 09:20:16,876] [DEBUG] [celery.bootsteps] ^-- substep ok
[2024-03-25 09:20:16,876] [DEBUG] [celery.bootsteps] | Consumer: Starting Control
[2024-03-25 09:20:16,878] [DEBUG] [celery.bootsteps] ^-- substep ok
[2024-03-25 09:20:16,878] [DEBUG] [celery.bootsteps] | Consumer: Starting event loop
[2024-03-25 09:20:16,878] [DEBUG] [celery.bootsteps] | Worker: Hub.register Pool...
[2024-03-25 09:20:16,878] [INFO] [celery.apps.worker] celery@x ready.
[2024-03-25 09:20:16,878] [DEBUG] [kombu.common] basic.qos: prefetch_count->4
[25/Mar/2024 09:20:23] "GET /api/ HTTP/1.0" 200 2809
[25/Mar/2024 09:20:27] "GET /api/ HTTP/1.0" 200 2808
[25/Mar/2024 09:20:34] "GET /api/ HTTP/1.0" 200 2806
[25/Mar/2024 09:22:03] "GET /api/ HTTP/1.0" 200 2811
[25/Mar/2024 09:23:35] "GET /api/statistics/ HTTP/1.0" 200 442
[25/Mar/2024 09:23:36] "GET /api/statistics/ HTTP/1.0" 200 442
[25/Mar/2024 09:23:37] "GET /api/statistics/ HTTP/1.0" 200 442
[25/Mar/2024 09:23:37] "GET /api/documents/ HTTP/1.0" 200 898380
[25/Mar/2024 09:23:38] "GET /api/statistics/ HTTP/1.0" 200 442
[25/Mar/2024 09:23:39] "GET /api/documents/ HTTP/1.0" 200 898380
[25/Mar/2024 09:24:10] "GET /api/statistics/ HTTP/1.0" 200 442
[25/Mar/2024 09:24:10] "GET /api/documents/ HTTP/1.0" 200 898380
[25/Mar/2024 09:24:11] "GET /api/statistics/ HTTP/1.0" 200 442
[25/Mar/2024 09:24:11] "GET /api/documents/ HTTP/1.0" 200 898380
[25/Mar/2024 09:24:12] "GET /api/statistics/ HTTP/1.0" 200 442
[25/Mar/2024 09:24:13] "GET /api/documents/ HTTP/1.0" 200 898380
[25/Mar/2024 09:24:14] "GET /api/statistics/ HTTP/1.0" 200 442
[25/Mar/2024 09:24:14] "GET /api/documents/ HTTP/1.0" 200 898380
[25/Mar/2024 09:24:16] "GET /api/statistics/ HTTP/1.0" 200 442
[25/Mar/2024 09:24:16] "GET /api/documents/2/thumb/ HTTP/1.0" 200 37588
[25/Mar/2024 09:24:16] "GET /api/documents/6/thumb/ HTTP/1.0" 200 48572
[25/Mar/2024 09:24:16] "GET /api/statistics/ HTTP/1.0" 200 442
[25/Mar/2024 09:24:16] "GET /api/documents/1/thumb/ HTTP/1.0" 200 4466
[25/Mar/2024 09:24:16] "GET /api/documents/5/thumb/ HTTP/1.0" 200 12278
[25/Mar/2024 09:24:16] "GET /api/documents/4/thumb/ HTTP/1.0" 200 16656
[25/Mar/2024 09:24:16] "GET /api/documents/3/thumb/ HTTP/1.0" 200 24516
[25/Mar/2024 09:24:17] "GET /api/documents/7/thumb/ HTTP/1.0" 200 8086
[25/Mar/2024 09:24:17] "GET /api/documents/10/thumb/ HTTP/1.0" 200 9994
[25/Mar/2024 09:24:17] "GET /api/documents/9/thumb/ HTTP/1.0" 200 9550
[25/Mar/2024 09:24:17] "GET /api/documents/8/thumb/ HTTP/1.0" 200 28912
[25/Mar/2024 09:24:17] "GET /api/documents/12/thumb/ HTTP/1.0" 200 33932
[25/Mar/2024 09:24:17] "GET /api/documents/13/thumb/ HTTP/1.0" 200 32194
[25/Mar/2024 09:24:17] "GET /api/documents/11/thumb/ HTTP/1.0" 200 5230
[25/Mar/2024 09:24:18] "GET /api/documents/14/thumb/ HTTP/1.0" 200 39722
[25/Mar/2024 09:24:18] "GET /api/documents/15/thumb/ HTTP/1.0" 200 38948
[25/Mar/2024 09:24:18] "GET /api/statistics/ HTTP/1.0" 200 442
[25/Mar/2024 09:24:18] "GET /api/documents/ HTTP/1.0" 200 898380
[25/Mar/2024 09:24:33] "GET /api/statistics/ HTTP/1.0" 200 442
[25/Mar/2024 09:24:33] "GET /api/documents/ HTTP/1.0" 200 898380
[25/Mar/2024 09:26:47] "GET /api/ HTTP/1.0" 200 2811

Restarting celery worker (/home/x/.local/share/virtualenvs/dmsb-qlGBOszE/bin/celery --app paperless worker -l DEBUG)

worker: Warm shutdown (MainProcess)
[2024-03-25 09:49:53,613] [DEBUG] [celery.bootsteps] | Worker: Closing Hub...
[2024-03-25 09:49:53,613] [DEBUG] [celery.bootsteps] | Worker: Closing Pool...
[2024-03-25 09:49:53,614] [DEBUG] [celery.bootsteps] | Worker: Closing Consumer...
[2024-03-25 09:49:53,614] [DEBUG] [celery.bootsteps] | Worker: Stopping Consumer...
[2024-03-25 09:49:53,615] [DEBUG] [celery.bootsteps] | Consumer: Closing Connection...
[2024-03-25 09:49:53,615] [DEBUG] [celery.bootsteps] | Consumer: Closing Events...
[2024-03-25 09:49:53,615] [DEBUG] [celery.bootsteps] | Consumer: Closing Mingle...
[2024-03-25 09:49:53,615] [DEBUG] [celery.bootsteps] | Consumer: Closing Gossip...
[2024-03-25 09:49:53,616] [DEBUG] [celery.bootsteps] | Consumer: Closing Heart...
[2024-03-25 09:49:53,616] [DEBUG] [celery.bootsteps] | Consumer: Closing Tasks...
[2024-03-25 09:49:53,616] [DEBUG] [celery.bootsteps] | Consumer: Closing Control...
[2024-03-25 09:49:53,616] [DEBUG] [celery.bootsteps] | Consumer: Closing event loop...
[2024-03-25 09:49:53,618] [DEBUG] [celery.bootsteps] | Consumer: Stopping event loop...
[2024-03-25 09:49:53,618] [DEBUG] [celery.bootsteps] | Consumer: Stopping Control...
[2024-03-25 09:49:53,624] [DEBUG] [celery.bootsteps] | Consumer: Stopping Tasks...
[2024-03-25 09:49:53,624] [DEBUG] [celery.worker.consumer.tasks] Canceling task consumer...
[2024-03-25 09:49:53,625] [DEBUG] [celery.bootsteps] | Consumer: Stopping Heart...
[2024-03-25 09:49:53,626] [DEBUG] [celery.bootsteps] | Consumer: Stopping Gossip...
[2024-03-25 09:49:53,628] [DEBUG] [celery.bootsteps] | Consumer: Stopping Mingle...
[2024-03-25 09:49:53,629] [DEBUG] [celery.bootsteps] | Consumer: Stopping Events...
[2024-03-25 09:49:53,629] [DEBUG] [celery.bootsteps] | Consumer: Stopping Connection...
[2024-03-25 09:49:53,629] [DEBUG] [celery.bootsteps] | Worker: Stopping Pool...
[2024-03-25 09:49:53,630] [DEBUG] [celery.bootsteps] | Worker: Stopping Hub...
[2024-03-25 09:49:53,630] [DEBUG] [celery.bootsteps] | Consumer: Shutdown Control...
[2024-03-25 09:49:53,630] [DEBUG] [celery.bootsteps] | Consumer: Shutdown Tasks...
[2024-03-25 09:49:53,630] [DEBUG] [celery.worker.consumer.tasks] Canceling task consumer...
[2024-03-25 09:49:53,631] [DEBUG] [celery.worker.consumer.tasks] Closing consumer channel...
[2024-03-25 09:49:53,631] [DEBUG] [celery.bootsteps] | Consumer: Shutdown Heart...
[2024-03-25 09:49:53,631] [DEBUG] [celery.bootsteps] | Consumer: Shutdown Gossip...
[2024-03-25 09:49:53,631] [DEBUG] [celery.bootsteps] | Consumer: Shutdown Events...
[2024-03-25 09:49:53,632] [DEBUG] [celery.bootsteps] | Consumer: Shutdown Connection...
[2024-03-25 09:49:54,787] [DEBUG] [celery.utils.functional]
def unlock_chord(self, group_id, callback, interval=0, max_retries=1, result=2, Result=3, GroupResult=4, result_from_tuple=5, **kwargs):
    return 1

[2024-03-25 09:49:54,787] [DEBUG] [celery.utils.functional]
def train_classifier():
    return 1

[2024-03-25 09:49:54,787] [DEBUG] [celery.utils.functional]
def xmap(task, it):
    return 1

[2024-03-25 09:49:54,788] [DEBUG] [celery.utils.functional]
def error_callback(request, exc, tb, rule_id, message_uid, message_subject, message_date):
    return 1

[2024-03-25 09:49:54,788] [DEBUG] [celery.utils.functional]
def xstarmap(task, it):
    return 1

[2024-03-25 09:49:54,788] [DEBUG] [celery.utils.functional]
def bulk_update_documents(document_ids):
    return 1

[2024-03-25 09:49:54,788] [DEBUG] [celery.utils.functional]
def consume_file(self, input_doc, overrides=0):
    return 1

[2024-03-25 09:49:54,789] [DEBUG] [celery.utils.functional]
def process_mail_accounts():
    return 1

[2024-03-25 09:49:54,789] [DEBUG] [celery.utils.functional]
def chunks(task, it, n):
    return 1

[2024-03-25 09:49:54,789] [DEBUG] [celery.utils.functional]
def index_optimize():
    return 1

[2024-03-25 09:49:54,789] [DEBUG] [celery.utils.functional]
def group(self, tasks, result, group_id, partial_args, add_to_parent=0):
    return 1

[2024-03-25 09:49:54,789] [DEBUG] [celery.utils.functional]
def chain(*args, **kwargs):
    return 1

[2024-03-25 09:49:54,790] [DEBUG] [celery.utils.functional]
def backend_cleanup():
    return 1

[2024-03-25 09:49:54,790] [DEBUG] [celery.utils.functional]
def update_document_archive_file(document_id):
    return 1

[2024-03-25 09:49:54,790] [DEBUG] [celery.utils.functional]
def apply_mail_action(result, rule_id, message_uid, message_subject, message_date):
    return 1

[2024-03-25 09:49:54,790] [DEBUG] [celery.utils.functional]
def chord(self, header, body, partial_args=0, interval=1, countdown=2, max_retries=3, eager=4, **kwargs):
    return 1

[2024-03-25 09:49:54,791] [DEBUG] [celery.utils.functional]
def accumulate(self, *args, **kwargs):
    return 1

[2024-03-25 09:49:54,791] [DEBUG] [celery.utils.functional]
def sanity_check():
    return 1

[2024-03-25 09:49:54,795] [DEBUG] [celery.bootsteps] | Worker: Preparing bootsteps.
[2024-03-25 09:49:54,796] [DEBUG] [celery.bootsteps] | Worker: Building graph...
[2024-03-25 09:49:54,797] [DEBUG] [celery.bootsteps] | Worker: New boot order: {Beat, Timer, Hub, Pool, Autoscaler, StateDB, Consumer}
[2024-03-25 09:49:54,799] [DEBUG] [celery.bootsteps] | Consumer: Preparing bootsteps.
[2024-03-25 09:49:54,799] [DEBUG] [celery.bootsteps] | Consumer: Building graph...
[2024-03-25 09:49:54,804] [DEBUG] [celery.bootsteps] | Consumer: New boot order: {Connection, Agent, Events, Mingle, Tasks, Control, Gossip, Heart, event loop}

 -------------- celery@x v5.3.6 (emerald-rush)
--- ***** -----
-- ******* ---- Linux-6.5.0-26-generic-x86_64-with-glibc2.35 2024-03-25 09:49:54
- *** --- * ---
- ** ---------- [config]
- ** ---------- .> app:         paperless:0x7847c2f5bdf0
- ** ---------- .> transport:   redis://localhost:6379//
- ** ---------- .> results:
- *** --- * --- .> concurrency: 1 (prefork)
-- ******* ---- .> task events: ON
--- ***** -----
 -------------- [queues]
                .> celery           exchange=celery(direct) key=celery


[tasks]
  . celery.accumulate
  . celery.backend_cleanup
  . celery.chain
  . celery.chord
  . celery.chord_unlock
  . celery.chunks
  . celery.group
  . celery.map
  . celery.starmap
  . documents.tasks.bulk_update_documents
  . documents.tasks.consume_file
  . documents.tasks.index_optimize
  . documents.tasks.sanity_check
  . documents.tasks.train_classifier
  . documents.tasks.update_document_archive_file
  . paperless_mail.mail.apply_mail_action
  . paperless_mail.mail.error_callback
  . paperless_mail.tasks.process_mail_accounts

[2024-03-25 09:49:54,810] [DEBUG] [celery.bootsteps] | Worker: Starting Hub
[2024-03-25 09:49:54,810] [DEBUG] [celery.bootsteps] ^-- substep ok
[2024-03-25 09:49:54,810] [DEBUG] [celery.bootsteps] | Worker: Starting Pool
[2024-03-25 09:49:54,847] [DEBUG] [celery.bootsteps] ^-- substep ok
[2024-03-25 09:49:54,847] [DEBUG] [celery.bootsteps] | Worker: Starting Consumer
[2024-03-25 09:49:54,848] [DEBUG] [celery.bootsteps] | Consumer: Starting Connection
[2024-03-25 09:49:54,849] [ERROR] [celery.worker.consumer.consumer] consumer: Cannot connect to redis://localhost:6379//: Error 111 connecting to localhost:6379. Connection refused..
Trying again in 2.00 seconds... (1/100)

[2024-03-25 09:49:56,852] [ERROR] [celery.worker.consumer.consumer] consumer: Cannot connect to redis://localhost:6379//: Error 111 connecting to localhost:6379. Connection refused..
Trying again in 4.00 seconds... (2/100)

[2024-03-25 09:50:00,858] [ERROR] [celery.worker.consumer.consumer] consumer: Cannot connect to redis://localhost:6379//: Error 111 connecting to localhost:6379. Connection refused..
Trying again in 6.00 seconds... (3/100)

[2024-03-25 09:50:06,866] [ERROR] [celery.worker.consumer.consumer] consumer: Cannot connect to redis://localhost:6379//: Error 111 connecting to localhost:6379. Connection refused..
Trying again in 8.00 seconds... (4/100)

[2024-03-25 09:50:14,877] [ERROR] [celery.worker.consumer.consumer] consumer: Cannot connect to redis://localhost:6379//: Error 111 connecting to localhost:6379. Connection refused..
Trying again in 10.00 seconds... (5/100)

[2024-03-25 09:50:24,890] [ERROR] [celery.worker.consumer.consumer] consumer: Cannot connect to redis://localhost:6379//: Error 111 connecting to localhost:6379. Connection refused..
Trying again in 12.00 seconds... (6/100)

[2024-03-25 09:50:36,905] [ERROR] [celery.worker.consumer.consumer] consumer: Cannot connect to redis://localhost:6379//: Error 111 connecting to localhost:6379. Connection refused..
Trying again in 14.00 seconds... (7/100)

[2024-03-25 09:50:50,922] [ERROR] [celery.worker.consumer.consumer] consumer: Cannot connect to redis://localhost:6379//: Error 111 connecting to localhost:6379. Connection refused..
Trying again in 16.00 seconds... (8/100)

[2024-03-25 09:51:06,942] [ERROR] [celery.worker.consumer.consumer] consumer: Cannot connect to redis://localhost:6379//: Error 111 connecting to localhost:6379. Connection refused..
Trying again in 18.00 seconds... (9/100)

Loading .env environment variables...
Loading .env environment variables...
Loading .env environment variables...
[2024-03-26 10:07:05,394] [DEBUG] [celery.utils.functional]
def apply_mail_action(result, rule_id, message_uid, message_subject, message_date):
    return 1

[2024-03-26 10:07:05,396] [DEBUG] [celery.utils.functional]
def unlock_chord(self, group_id, callback, interval=0, max_retries=1, result=2, Result=3, GroupResult=4, result_from_tuple=5, **kwargs):
    return 1

[2024-03-26 10:07:05,397] [DEBUG] [celery.utils.functional]
def sanity_check():
    return 1

[2024-03-26 10:07:05,398] [DEBUG] [celery.utils.functional]
def xmap(task, it):
    return 1

[2024-03-26 10:07:05,399] [DEBUG] [celery.utils.functional]
def train_classifier():
    return 1

[2024-03-26 10:07:05,399] [DEBUG] [celery.utils.functional]
def xstarmap(task, it):
    return 1

[2024-03-26 10:07:05,400] [DEBUG] [celery.utils.functional]
def error_callback(request, exc, tb, rule_id, message_uid, message_subject, message_date):
    return 1

[2024-03-26 10:07:05,401] [DEBUG] [celery.utils.functional]
def chunks(task, it, n):
    return 1

[2024-03-26 10:07:05,401] [DEBUG] [celery.utils.functional]
def bulk_update_documents(document_ids):
    return 1

[2024-03-26 10:07:05,402] [DEBUG] [celery.utils.functional]
def consume_file(self, input_doc, overrides=0):
    return 1

[2024-03-26 10:07:05,403] [DEBUG] [celery.utils.functional]
def group(self, tasks, result, group_id, partial_args, add_to_parent=0):
    return 1

[2024-03-26 10:07:05,403] [DEBUG] [celery.utils.functional]
def process_mail_accounts():
    return 1

[2024-03-26 10:07:05,404] [DEBUG] [celery.utils.functional]
def index_optimize():
    return 1

[2024-03-26 10:07:05,405] [DEBUG] [celery.utils.functional]
def chain(*args, **kwargs):
    return 1

[2024-03-26 10:07:05,405] [DEBUG] [celery.utils.functional]
def backend_cleanup():
    return 1

[2024-03-26 10:07:05,406] [DEBUG] [celery.utils.functional]
def chord(self, header, body, partial_args=0, interval=1, countdown=2, max_retries=3, eager=4, **kwargs):
    return 1

[2024-03-26 10:07:05,407] [DEBUG] [celery.utils.functional]
def accumulate(self, *args, **kwargs):
    return 1

[2024-03-26 10:07:05,407] [DEBUG] [celery.utils.functional]
def update_document_archive_file(document_id):
    return 1

[2024-03-26 10:07:05,423] [DEBUG] [celery.bootsteps] | Worker: Preparing bootsteps.
[2024-03-26 10:07:05,424] [DEBUG] [celery.bootsteps] | Worker: Building graph...
[2024-03-26 10:07:05,424] [DEBUG] [celery.bootsteps] | Worker: New boot order: {Beat, Timer, Hub, Pool, Autoscaler, StateDB, Consumer}
[2024-03-26 10:07:05,428] [DEBUG] [celery.bootsteps] | Consumer: Preparing bootsteps.
[2024-03-26 10:07:05,428] [DEBUG] [celery.bootsteps] | Consumer: Building graph...
[2024-03-26 10:07:05,435] [DEBUG] [celery.bootsteps] | Consumer: New boot order: {Connection, Events, Mingle, Gossip, Agent, Tasks, Control, Heart, event loop}

 -------------- celery@x v5.3.6 (emerald-rush)
--- ***** -----
-- ******* ---- Linux-6.5.0-26-generic-x86_64-with-glibc2.35 2024-03-26 10:07:05
- *** --- * ---
- ** ---------- [config]
- ** ---------- .> app:         paperless:0x7282431b88e0
- ** ---------- .> transport:   redis://localhost:6379//
- ** ---------- .> results:
- *** --- * --- .> concurrency: 1 (prefork)
-- ******* ---- .> task events: ON
--- ***** -----
 -------------- [queues]
                .> celery           exchange=celery(direct) key=celery


[tasks]
  . celery.accumulate
  . celery.backend_cleanup
  . celery.chain
  . celery.chord
  . celery.chord_unlock
  . celery.chunks
  . celery.group
  . celery.map
  . celery.starmap
  . documents.tasks.bulk_update_documents
  . documents.tasks.consume_file
  . documents.tasks.index_optimize
  . documents.tasks.sanity_check
  . documents.tasks.train_classifier
  . documents.tasks.update_document_archive_file
  . paperless_mail.mail.apply_mail_action
  . paperless_mail.mail.error_callback
  . paperless_mail.tasks.process_mail_accounts

[2024-03-26 10:07:05,443] [DEBUG] [celery.bootsteps] | Worker: Starting Hub
[2024-03-26 10:07:05,443] [DEBUG] [celery.bootsteps] ^-- substep ok
[2024-03-26 10:07:05,443] [DEBUG] [celery.bootsteps] | Worker: Starting Pool
System check identified some issues:

WARNINGS:
?: DEBUG mode is enabled. Disable Debug mode. This is a serious security issue, since it puts security overrides in place which are meant to be only used during development. This also means that paperless will tell anyone various debugging information when something goes wrong.
[2024-03-26 10:07:05,477] [INFO] [paperless.management.consumer] Using inotify to watch directory for changes: /home/x/wdir/dmsb/consume
[2024-03-26 10:07:05,496] [DEBUG] [celery.bootsteps] ^-- substep ok
[2024-03-26 10:07:05,496] [DEBUG] [celery.bootsteps] | Worker: Starting Consumer
[2024-03-26 10:07:05,497] [DEBUG] [celery.bootsteps] | Consumer: Starting Connection
[2024-03-26 10:07:05,642] [INFO] [celery.worker.consumer.connection] Connected to redis://localhost:6379//
[2024-03-26 10:07:05,643] [DEBUG] [celery.bootsteps] ^-- substep ok
[2024-03-26 10:07:05,643] [DEBUG] [celery.bootsteps] | Consumer: Starting Events
[2024-03-26 10:07:05,647] [DEBUG] [celery.bootsteps] ^-- substep ok
[2024-03-26 10:07:05,648] [DEBUG] [celery.bootsteps] | Consumer: Starting Mingle
[2024-03-26 10:07:05,648] [INFO] [celery.worker.consumer.mingle] mingle: searching for neighbors
Watching for file changes with StatReloader
[2024-03-26 10:07:05,970] [INFO] [django.utils.autoreload] Watching for file changes with StatReloader
Performing system checks...

System check identified some issues:

WARNINGS:
?: DEBUG mode is enabled. Disable Debug mode. This is a serious security issue, since it puts security overrides in place which are meant to be only used during development. This also means that paperless will tell anyone various debugging information when something goes wrong.

System check identified 1 issue (0 silenced).
March 26, 2024 - 10:07:06
Django version 4.2.10, using settings 'paperless.settings'
Starting development server at http://127.0.0.1:8000/
Quit the server with CONTROL-C.

[2024-03-26 10:07:06,659] [INFO] [celery.worker.consumer.mingle] mingle: all alone
[2024-03-26 10:07:06,660] [DEBUG] [celery.bootsteps] ^-- substep ok
[2024-03-26 10:07:06,660] [DEBUG] [celery.bootsteps] | Consumer: Starting Gossip
[2024-03-26 10:07:06,664] [DEBUG] [celery.bootsteps] ^-- substep ok
[2024-03-26 10:07:06,665] [DEBUG] [celery.bootsteps] | Consumer: Starting Tasks
[2024-03-26 10:07:06,673] [DEBUG] [celery.bootsteps] ^-- substep ok
[2024-03-26 10:07:06,673] [DEBUG] [celery.bootsteps] | Consumer: Starting Control
[2024-03-26 10:07:06,677] [DEBUG] [celery.bootsteps] ^-- substep ok
[2024-03-26 10:07:06,677] [DEBUG] [celery.bootsteps] | Consumer: Starting Heart
[2024-03-26 10:07:06,703] [DEBUG] [celery.bootsteps] ^-- substep ok
[2024-03-26 10:07:06,703] [DEBUG] [celery.bootsteps] | Consumer: Starting event loop
[2024-03-26 10:07:06,704] [DEBUG] [celery.bootsteps] | Worker: Hub.register Pool...
[2024-03-26 10:07:06,704] [INFO] [celery.apps.worker] celery@x ready.
[2024-03-26 10:07:06,704] [DEBUG] [kombu.common] basic.qos: prefetch_count->4

worker: Hitting Ctrl+C again will terminate all running tasks!

worker: Warm shutdown (MainProcess)
[2024-03-26 12:12:12,006] [DEBUG] [celery.bootsteps] | Worker: Closing Hub...
[2024-03-26 12:12:12,007] [DEBUG] [celery.bootsteps] | Worker: Closing Pool...
[2024-03-26 12:12:12,007] [DEBUG] [celery.bootsteps] | Worker: Closing Consumer...
[2024-03-26 12:12:12,007] [DEBUG] [celery.bootsteps] | Worker: Stopping Consumer...
[2024-03-26 12:12:12,008] [DEBUG] [celery.bootsteps] | Consumer: Closing Connection...
[2024-03-26 12:12:12,008] [DEBUG] [celery.bootsteps] | Consumer: Closing Events...
[2024-03-26 12:12:12,008] [DEBUG] [celery.bootsteps] | Consumer: Closing Mingle...
[2024-03-26 12:12:12,008] [DEBUG] [celery.bootsteps] | Consumer: Closing Gossip...
[2024-03-26 12:12:12,008] [DEBUG] [celery.bootsteps] | Consumer: Closing Tasks...
[2024-03-26 12:12:12,009] [DEBUG] [celery.bootsteps] | Consumer: Closing Control...
[2024-03-26 12:12:12,009] [DEBUG] [celery.bootsteps] | Consumer: Closing Heart...
[2024-03-26 12:12:12,009] [DEBUG] [celery.bootsteps] | Consumer: Closing event loop...
[2024-03-26 12:12:12,009] [DEBUG] [celery.bootsteps] | Consumer: Stopping event loop...
[2024-03-26 12:12:12,009] [DEBUG] [celery.bootsteps] | Consumer: Stopping Heart...
[2024-03-26 12:12:12,010] [DEBUG] [celery.bootsteps] | Consumer: Stopping Control...
[2024-03-26 12:12:12,013] [DEBUG] [celery.bootsteps] | Consumer: Stopping Tasks...
[2024-03-26 12:12:12,013] [DEBUG] [celery.worker.consumer.tasks] Canceling task consumer...
[2024-03-26 12:12:12,013] [DEBUG] [celery.bootsteps] | Consumer: Stopping Gossip...
[2024-03-26 12:12:12,015] [DEBUG] [celery.bootsteps] | Consumer: Stopping Mingle...
[2024-03-26 12:12:12,015] [DEBUG] [celery.bootsteps] | Consumer: Stopping Events...
[2024-03-26 12:12:12,015] [DEBUG] [celery.bootsteps] | Consumer: Stopping Connection...
[2024-03-26 12:12:12,016] [DEBUG] [celery.bootsteps] | Worker: Stopping Pool...
[2024-03-26 12:12:13,020] [DEBUG] [celery.bootsteps] | Worker: Stopping Hub...
[2024-03-26 12:12:13,021] [DEBUG] [celery.bootsteps] | Consumer: Shutdown Heart...
[2024-03-26 12:12:13,021] [DEBUG] [celery.bootsteps] | Consumer: Shutdown Control...
[2024-03-26 12:12:13,021] [DEBUG] [celery.bootsteps] | Consumer: Shutdown Tasks...
[2024-03-26 12:12:13,021] [DEBUG] [celery.worker.consumer.tasks] Canceling task consumer...
[2024-03-26 12:12:13,022] [DEBUG] [celery.worker.consumer.tasks] Closing consumer channel...
[2024-03-26 12:12:13,022] [DEBUG] [celery.bootsteps] | Consumer: Shutdown Gossip...
[2024-03-26 12:12:13,022] [DEBUG] [celery.bootsteps] | Consumer: Shutdown Events...
[2024-03-26 12:12:13,022] [DEBUG] [celery.bootsteps] | Consumer: Shutdown Connection...
[2024-03-26 12:12:13,023] [DEBUG] [celery.concurrency.asynpool] removing tasks from inqueue until task handler finished
Not Found: /api/v1/collections
[2024-03-26 12:20:29,594] [WARNING] [django.request] Not Found: /api/v1/collections
[26/Mar/2024 12:20:29] "POST /api/v1/collections HTTP/1.1" 404 2133
Not Found: /api/v1/collections
[2024-03-26 12:23:35,328] [WARNING] [django.request] Not Found: /api/v1/collections
[26/Mar/2024 12:23:35] "POST /api/v1/collections HTTP/1.1" 404 2133
Not Found: /api/v1/collections
[2024-03-26 12:23:38,409] [WARNING] [django.request] Not Found: /api/v1/collections
[26/Mar/2024 12:23:38] "POST /api/v1/collections HTTP/1.1" 404 2133
Not Found: /api/v1/collections
[2024-03-26 12:23:40,814] [WARNING] [django.request] Not Found: /api/v1/collections
[26/Mar/2024 12:23:40] "POST /api/v1/collections HTTP/1.1" 404 2133
Not Found: /api/v1/collections
[2024-03-26 12:27:08,159] [WARNING] [django.request] Not Found: /api/v1/collections
[26/Mar/2024 12:27:08] "POST /api/v1/collections HTTP/1.1" 404 2133
Not Found: /api/v1/collections
[2024-03-26 12:28:40,698] [WARNING] [django.request] Not Found: /api/v1/collections
[26/Mar/2024 12:28:40] "POST /api/v1/collections HTTP/1.1" 404 2133
Not Found: /api/v1/collections/hCSB2F6QQFnlLiOgUaL4fjJwWDgdAeTw
[2024-03-26 12:32:03,805] [WARNING] [django.request] Not Found: /api/v1/collections/hCSB2F6QQFnlLiOgUaL4fjJwWDgdAeTw
[26/Mar/2024 12:32:03] "GET /api/v1/collections/hCSB2F6QQFnlLiOgUaL4fjJwWDgdAeTw HTTP/1.1" 404 2166
Not Found: /api/v1/collections/hCSB2F6QQFnlLiOgUaL4fjJwWDgdAeTw
[2024-03-26 12:32:13,903] [WARNING] [django.request] Not Found: /api/v1/collections/hCSB2F6QQFnlLiOgUaL4fjJwWDgdAeTw
[26/Mar/2024 12:32:13] "GET /api/v1/collections/hCSB2F6QQFnlLiOgUaL4fjJwWDgdAeTw HTTP/1.1" 404 2166
Not Found: /api/v1/collections
[2024-03-26 12:32:57,237] [WARNING] [django.request] Not Found: /api/v1/collections
[26/Mar/2024 12:32:57] "POST /api/v1/collections HTTP/1.1" 404 2133
Not Found: /api/v1/collections
[2024-03-26 12:36:58,597] [WARNING] [django.request] Not Found: /api/v1/collections
[26/Mar/2024 12:36:58] "POST /api/v1/collections HTTP/1.1" 404 2133
Not Found: /api/v1/collections
[2024-03-26 12:37:14,726] [WARNING] [django.request] Not Found: /api/v1/collections
[26/Mar/2024 12:37:14] "POST /api/v1/collections HTTP/1.1" 404 2133
Not Found: /api/v1/collections
[2024-03-26 12:42:35,948] [WARNING] [django.request] Not Found: /api/v1/collections
[26/Mar/2024 12:42:35] "POST /api/v1/collections HTTP/1.1" 404 2133
Not Found: /api/v1/collections
[2024-03-26 12:42:45,979] [WARNING] [django.request] Not Found: /api/v1/collections
[26/Mar/2024 12:42:45] "POST /api/v1/collections HTTP/1.1" 404 2133
Not Found: /api/v1/collections
[2024-03-26 12:44:11,215] [WARNING] [django.request] Not Found: /api/v1/collections
[26/Mar/2024 12:44:11] "POST /api/v1/collections HTTP/1.1" 404 2133
Not Found: /api/v1/collections
[2024-03-26 12:46:04,105] [WARNING] [django.request] Not Found: /api/v1/collections
[26/Mar/2024 12:46:04] "POST /api/v1/collections HTTP/1.1" 404 2133
Not Found: /api/v1/collections
[2024-03-26 12:46:47,429] [WARNING] [django.request] Not Found: /api/v1/collections
[26/Mar/2024 12:46:47] "POST /api/v1/collections HTTP/1.1" 404 2133
Not Found: /
[2024-03-26 12:56:11,044] [WARNING] [django.request] Not Found: /
[26/Mar/2024 12:56:11] "GET / HTTP/1.1" 404 1065
[26/Mar/2024 12:56:11] "GET /favicon.ico HTTP/1.1" 200 20340
